<?xml version="1.0" encoding="UTF-8"?>
<!-- Generated by org.testng.reporters.JUnitXMLReporter -->
<testsuite ignored="0" hostname="VIJAY" failures="1" tests="1" name="Test" time="38.044" errors="0" timestamp="2024-01-06T16:25:35 IST">
  <testcase classname="coverFoxTest.CF_TC555_Validate_search_results_for_healthcare_policies" name="validateTestPlansFromTextAndBanners" time="13.164">
    <failure type="java.lang.AssertionError" message="Text results are matching with Banner results, TC is failed did not expect [49] but found [49]">
      <![CDATA[java.lang.AssertionError: Text results are matching with Banner results, TC is failed did not expect [49] but found [49]
at coverFoxTest.CF_TC555_Validate_search_results_for_healthcare_policies.validateTestPlansFromTextAndBanners(CF_TC555_Validate_search_results_for_healthcare_policies.java:86)
at java.base/java.util.ArrayList.forEach(ArrayList.java:1511)
... Removed 31 stack frames]]>
    </failure>
  </testcase> <!-- validateTestPlansFromTextAndBanners -->
</testsuite> <!-- Test -->
